{
  "uid" : "3d564716f8ec785f",
  "name" : "swagLabItemCheck_006_verifyPaymentInformation",
  "fullName" : "Tests.SwagLabItemCheckTest.swagLabItemCheck_006_verifyPaymentInformation",
  "historyId" : "6e3f6a6b96f4738a224d50185799132e",
  "time" : {
    "start" : 1611584391058,
    "stop" : 1611584391552,
    "duration" : 494
  },
  "status" : "failed",
  "statusMessage" : "User Could not Verify Payment Information.java.lang.AssertionError: expected [SauceCa] but found [SauceCard #31337]",
  "statusTrace" : "java.lang.AssertionError: User Could not Verify Payment Information.java.lang.AssertionError: expected [SauceCa] but found [SauceCard #31337]\r\n\tat org.testng.Assert.fail(Assert.java:93)\r\n\tat Tests.SwagLabItemCheckTest.swagLabItemCheck_006_verifyPaymentInformation_aroundBody12(SwagLabItemCheckTest.java:121)\r\n\tat Tests.SwagLabItemCheckTest$AjcClosure13.run(SwagLabItemCheckTest.java:1)\r\n\tat org.aspectj.runtime.reflect.JoinPointImpl.proceed(JoinPointImpl.java:149)\r\n\tat io.qameta.allure.aspects.StepsAspects.step(StepsAspects.java:46)\r\n\tat Tests.SwagLabItemCheckTest.swagLabItemCheck_006_verifyPaymentInformation(SwagLabItemCheckTest.java:115)\r\n\tat sun.reflect.NativeMethodAccessorImpl.invoke0(Native Method)\r\n\tat sun.reflect.NativeMethodAccessorImpl.invoke(NativeMethodAccessorImpl.java:62)\r\n\tat sun.reflect.DelegatingMethodAccessorImpl.invoke(DelegatingMethodAccessorImpl.java:43)\r\n\tat java.lang.reflect.Method.invoke(Method.java:498)\r\n\tat org.testng.internal.MethodInvocationHelper.invokeMethod(MethodInvocationHelper.java:108)\r\n\tat org.testng.internal.Invoker.invokeMethod(Invoker.java:661)\r\n\tat org.testng.internal.Invoker.invokeTestMethod(Invoker.java:869)\r\n\tat org.testng.internal.Invoker.invokeTestMethods(Invoker.java:1193)\r\n\tat org.testng.internal.TestMethodWorker.invokeTestMethods(TestMethodWorker.java:126)\r\n\tat org.testng.internal.TestMethodWorker.run(TestMethodWorker.java:109)\r\n\tat org.testng.TestRunner.privateRun(TestRunner.java:744)\r\n\tat org.testng.TestRunner.run(TestRunner.java:602)\r\n\tat org.testng.SuiteRunner.runTest(SuiteRunner.java:380)\r\n\tat org.testng.SuiteRunner.runSequentially(SuiteRunner.java:375)\r\n\tat org.testng.SuiteRunner.privateRun(SuiteRunner.java:340)\r\n\tat org.testng.SuiteRunner.run(SuiteRunner.java:289)\r\n\tat org.testng.SuiteRunnerWorker.runSuite(SuiteRunnerWorker.java:52)\r\n\tat org.testng.SuiteRunnerWorker.run(SuiteRunnerWorker.java:86)\r\n\tat org.testng.TestNG.runSuitesSequentially(TestNG.java:1301)\r\n\tat org.testng.TestNG.runSuitesLocally(TestNG.java:1226)\r\n\tat org.testng.TestNG.runSuites(TestNG.java:1144)\r\n\tat org.testng.TestNG.run(TestNG.java:1115)\r\n\tat com.intellij.rt.testng.IDEARemoteTestNG.run(IDEARemoteTestNG.java:66)\r\n\tat com.intellij.rt.testng.RemoteTestNGStarter.main(RemoteTestNGStarter.java:109)\r\n",
  "flaky" : false,
  "beforeStages" : [ {
    "name" : "setUp",
    "time" : {
      "start" : 1611584358426,
      "stop" : 1611584368268,
      "duration" : 9842
    },
    "status" : "passed",
    "steps" : [ ],
    "attachments" : [ ],
    "parameters" : [ ],
    "hasContent" : false,
    "stepsCount" : 0,
    "shouldDisplayMessage" : false,
    "attachmentsCount" : 0
  } ],
  "testStage" : {
    "status" : "failed",
    "statusMessage" : "User Could not Verify Payment Information.java.lang.AssertionError: expected [SauceCa] but found [SauceCard #31337]",
    "statusTrace" : "java.lang.AssertionError: User Could not Verify Payment Information.java.lang.AssertionError: expected [SauceCa] but found [SauceCard #31337]\r\n\tat org.testng.Assert.fail(Assert.java:93)\r\n\tat Tests.SwagLabItemCheckTest.swagLabItemCheck_006_verifyPaymentInformation_aroundBody12(SwagLabItemCheckTest.java:121)\r\n\tat Tests.SwagLabItemCheckTest$AjcClosure13.run(SwagLabItemCheckTest.java:1)\r\n\tat org.aspectj.runtime.reflect.JoinPointImpl.proceed(JoinPointImpl.java:149)\r\n\tat io.qameta.allure.aspects.StepsAspects.step(StepsAspects.java:46)\r\n\tat Tests.SwagLabItemCheckTest.swagLabItemCheck_006_verifyPaymentInformation(SwagLabItemCheckTest.java:115)\r\n\tat sun.reflect.NativeMethodAccessorImpl.invoke0(Native Method)\r\n\tat sun.reflect.NativeMethodAccessorImpl.invoke(NativeMethodAccessorImpl.java:62)\r\n\tat sun.reflect.DelegatingMethodAccessorImpl.invoke(DelegatingMethodAccessorImpl.java:43)\r\n\tat java.lang.reflect.Method.invoke(Method.java:498)\r\n\tat org.testng.internal.MethodInvocationHelper.invokeMethod(MethodInvocationHelper.java:108)\r\n\tat org.testng.internal.Invoker.invokeMethod(Invoker.java:661)\r\n\tat org.testng.internal.Invoker.invokeTestMethod(Invoker.java:869)\r\n\tat org.testng.internal.Invoker.invokeTestMethods(Invoker.java:1193)\r\n\tat org.testng.internal.TestMethodWorker.invokeTestMethods(TestMethodWorker.java:126)\r\n\tat org.testng.internal.TestMethodWorker.run(TestMethodWorker.java:109)\r\n\tat org.testng.TestRunner.privateRun(TestRunner.java:744)\r\n\tat org.testng.TestRunner.run(TestRunner.java:602)\r\n\tat org.testng.SuiteRunner.runTest(SuiteRunner.java:380)\r\n\tat org.testng.SuiteRunner.runSequentially(SuiteRunner.java:375)\r\n\tat org.testng.SuiteRunner.privateRun(SuiteRunner.java:340)\r\n\tat org.testng.SuiteRunner.run(SuiteRunner.java:289)\r\n\tat org.testng.SuiteRunnerWorker.runSuite(SuiteRunnerWorker.java:52)\r\n\tat org.testng.SuiteRunnerWorker.run(SuiteRunnerWorker.java:86)\r\n\tat org.testng.TestNG.runSuitesSequentially(TestNG.java:1301)\r\n\tat org.testng.TestNG.runSuitesLocally(TestNG.java:1226)\r\n\tat org.testng.TestNG.runSuites(TestNG.java:1144)\r\n\tat org.testng.TestNG.run(TestNG.java:1115)\r\n\tat com.intellij.rt.testng.IDEARemoteTestNG.run(IDEARemoteTestNG.java:66)\r\n\tat com.intellij.rt.testng.RemoteTestNGStarter.main(RemoteTestNGStarter.java:109)\r\n",
    "steps" : [ {
      "name" : "TestCase_006 - Verify Payment Information",
      "time" : {
        "start" : 1611584391058,
        "stop" : 1611584391190,
        "duration" : 132
      },
      "status" : "failed",
      "statusMessage" : "User Could not Verify Payment Information.java.lang.AssertionError: expected [SauceCa] but found [SauceCard #31337]",
      "statusTrace" : "java.lang.AssertionError: User Could not Verify Payment Information.java.lang.AssertionError: expected [SauceCa] but found [SauceCard #31337]\r\n\tat org.testng.Assert.fail(Assert.java:93)\r\n\tat Tests.SwagLabItemCheckTest.swagLabItemCheck_006_verifyPaymentInformation_aroundBody12(SwagLabItemCheckTest.java:121)\r\n\tat Tests.SwagLabItemCheckTest$AjcClosure13.run(SwagLabItemCheckTest.java:1)\r\n\tat org.aspectj.runtime.reflect.JoinPointImpl.proceed(JoinPointImpl.java:149)\r\n\tat io.qameta.allure.aspects.StepsAspects.step(StepsAspects.java:46)\r\n\tat Tests.SwagLabItemCheckTest.swagLabItemCheck_006_verifyPaymentInformation(SwagLabItemCheckTest.java:115)\r\n\tat sun.reflect.NativeMethodAccessorImpl.invoke0(Native Method)\r\n\tat sun.reflect.NativeMethodAccessorImpl.invoke(NativeMethodAccessorImpl.java:62)\r\n\tat sun.reflect.DelegatingMethodAccessorImpl.invoke(DelegatingMethodAccessorImpl.java:43)\r\n\tat java.lang.reflect.Method.invoke(Method.java:498)\r\n\tat org.testng.internal.MethodInvocationHelper.invokeMethod(MethodInvocationHelper.java:108)\r\n\tat org.testng.internal.Invoker.invokeMethod(Invoker.java:661)\r\n\tat org.testng.internal.Invoker.invokeTestMethod(Invoker.java:869)\r\n\tat org.testng.internal.Invoker.invokeTestMethods(Invoker.java:1193)\r\n\tat org.testng.internal.TestMethodWorker.invokeTestMethods(TestMethodWorker.java:126)\r\n\tat org.testng.internal.TestMethodWorker.run(TestMethodWorker.java:109)\r\n\tat org.testng.TestRunner.privateRun(TestRunner.java:744)\r\n\tat org.testng.TestRunner.run(TestRunner.java:602)\r\n\tat org.testng.SuiteRunner.runTest(SuiteRunner.java:380)\r\n\tat org.testng.SuiteRunner.runSequentially(SuiteRunner.java:375)\r\n\tat org.testng.SuiteRunner.privateRun(SuiteRunner.java:340)\r\n\tat org.testng.SuiteRunner.run(SuiteRunner.java:289)\r\n\tat org.testng.SuiteRunnerWorker.runSuite(SuiteRunnerWorker.java:52)\r\n\tat org.testng.SuiteRunnerWorker.run(SuiteRunnerWorker.java:86)\r\n\tat org.testng.TestNG.runSuitesSequentially(TestNG.java:1301)\r\n\tat org.testng.TestNG.runSuitesLocally(TestNG.java:1226)\r\n\tat org.testng.TestNG.runSuites(TestNG.java:1144)\r\n\tat org.testng.TestNG.run(TestNG.java:1115)\r\n\tat com.intellij.rt.testng.IDEARemoteTestNG.run(IDEARemoteTestNG.java:66)\r\n\tat com.intellij.rt.testng.RemoteTestNGStarter.main(RemoteTestNGStarter.java:109)\r\n",
      "steps" : [ ],
      "attachments" : [ ],
      "parameters" : [ ],
      "hasContent" : true,
      "stepsCount" : 0,
      "shouldDisplayMessage" : true,
      "attachmentsCount" : 0
    } ],
    "attachments" : [ {
      "uid" : "5588565f2148dbf2",
      "name" : "Page Screenshot",
      "source" : "5588565f2148dbf2.png",
      "type" : "image/png",
      "size" : 47180
    } ],
    "parameters" : [ ],
    "hasContent" : true,
    "stepsCount" : 1,
    "shouldDisplayMessage" : false,
    "attachmentsCount" : 1
  },
  "afterStages" : [ {
    "name" : "tearDown",
    "time" : {
      "start" : 1611584397688,
      "stop" : 1611584433443,
      "duration" : 35755
    },
    "status" : "passed",
    "steps" : [ ],
    "attachments" : [ ],
    "parameters" : [ ],
    "hasContent" : false,
    "stepsCount" : 0,
    "shouldDisplayMessage" : false,
    "attachmentsCount" : 0
  } ],
  "labels" : [ {
    "name" : "package",
    "value" : "Tests.SwagLabItemCheckTest"
  }, {
    "name" : "testClass",
    "value" : "Tests.SwagLabItemCheckTest"
  }, {
    "name" : "testMethod",
    "value" : "swagLabItemCheck_006_verifyPaymentInformation"
  }, {
    "name" : "parentSuite",
    "value" : "Default Suite"
  }, {
    "name" : "suite",
    "value" : "SwagLabAutomation"
  }, {
    "name" : "subSuite",
    "value" : "Tests.SwagLabItemCheckTest"
  }, {
    "name" : "host",
    "value" : "Bhumit-PC"
  }, {
    "name" : "thread",
    "value" : "14436@Bhumit-PC.main(1)"
  }, {
    "name" : "epic",
    "value" : "Regression Test Suite - Login Details"
  }, {
    "name" : "severity",
    "value" : "normal"
  }, {
    "name" : "resultFormat",
    "value" : "allure2"
  } ],
  "parameters" : [ ],
  "links" : [ ],
  "hidden" : true,
  "retry" : true,
  "extra" : {
    "categories" : [ ],
    "tags" : [ ]
  },
  "source" : "3d564716f8ec785f.json",
  "parameterValues" : [ ]
}